{
  "RSpec": {
    "coverage": {
      "/home/asaichuk/chart_proj/spec/models/csv_parser_spec.rb": [
        1,
        1,
        null,
        1,
        2,
        4,
        2,
        null,
        1,
        1,
        null,
        null,
        1,
        1,
        2,
        null,
        null,
        null,
        null,
        1,
        2,
        2,
        2,
        2,
        null,
        null,
        1,
        1,
        null,
        null,
        null,
        null,
        null,
        null,
        null,
        null,
        null,
        null,
        null,
        null,
        null,
        null,
        null,
        null,
        null,
        null,
        null,
        null,
        1,
        1,
        null,
        null,
        null,
        null,
        null,
        null,
        null,
        null,
        null,
        null,
        null,
        null,
        null,
        null,
        null,
        null,
        null
      ],
      "/home/asaichuk/chart_proj/spec/rails_helper.rb": [
        null,
        1,
        1,
        1,
        1,
        null,
        null,
        null,
        null,
        null,
        null,
        null,
        null,
        null,
        null,
        null,
        null,
        null,
        null,
        null,
        null,
        null,
        1,
        null,
        null,
        null,
        null,
        null,
        null,
        null,
        null,
        null,
        null,
        null,
        null,
        null,
        1,
        null
      ],
      "/home/asaichuk/chart_proj/config/environment.rb": [
        null,
        1,
        null,
        null,
        1
      ],
      "/home/asaichuk/chart_proj/config/application.rb": [
        1,
        null,
        1,
        1,
        1,
        null,
        null,
        null,
        1,
        null,
        1,
        1,
        null,
        null
      ],
      "/home/asaichuk/chart_proj/config/boot.rb": [
        1,
        null,
        1
      ],
      "/home/asaichuk/chart_proj/config/environments/test.rb": [
        1,
        null,
        null,
        null,
        null,
        null,
        null,
        1,
        null,
        null,
        null,
        null,
        1,
        null,
        null,
        1,
        1,
        null,
        null,
        1,
        1,
        null,
        null,
        1,
        null,
        null,
        1,
        null,
        null,
        null,
        null,
        null,
        null,
        1,
        null,
        null,
        1,
        null,
        null,
        null,
        null
      ],
      "/home/asaichuk/chart_proj/config/initializers/assets.rb": [
        null,
        null,
        null,
        1,
        null,
        null,
        null,
        null,
        null,
        null,
        null
      ],
      "/home/asaichuk/chart_proj/config/initializers/backtrace_silencers.rb": [
        null,
        null,
        null,
        null,
        null,
        null,
        null
      ],
      "/home/asaichuk/chart_proj/config/initializers/cookies_serializer.rb": [
        null,
        null,
        1
      ],
      "/home/asaichuk/chart_proj/config/initializers/filter_parameter_logging.rb": [
        null,
        null,
        null,
        1
      ],
      "/home/asaichuk/chart_proj/config/initializers/inflections.rb": [
        null,
        null,
        null,
        null,
        null,
        null,
        null,
        null,
        null,
        null,
        null,
        null,
        null,
        null,
        null,
        null
      ],
      "/home/asaichuk/chart_proj/config/initializers/mime_types.rb": [
        null,
        null,
        null,
        null
      ],
      "/home/asaichuk/chart_proj/config/initializers/session_store.rb": [
        null,
        null,
        1
      ],
      "/home/asaichuk/chart_proj/config/initializers/wrap_parameters.rb": [
        null,
        null,
        null,
        null,
        null,
        null,
        1,
        1,
        null,
        null,
        null,
        null,
        null,
        null
      ],
      "/home/asaichuk/chart_proj/config/routes.rb": [
        1,
        1,
        null
      ],
      "/home/asaichuk/chart_proj/app/helpers/application_helper.rb": [
        1,
        null
      ],
      "/home/asaichuk/chart_proj/app/helpers/csv_parser_helper.rb": [
        1,
        null,
        1,
        null,
        null,
        null,
        null,
        1,
        3,
        null,
        null,
        1,
        20,
        null,
        null,
        1,
        2,
        null,
        null,
        null,
        null,
        1,
        2,
        null,
        null,
        1,
        3,
        null,
        null
      ],
      "/home/asaichuk/chart_proj/app/models/csv_parser.rb": [
        1,
        null,
        1,
        1,
        null,
        1,
        null,
        null,
        null,
        null,
        null,
        null,
        1,
        3,
        null,
        null,
        1,
        1,
        null,
        1,
        1,
        2,
        null,
        null,
        1,
        null,
        null,
        1,
        null,
        1,
        2,
        2,
        8,
        null,
        2,
        null,
        2,
        null,
        null,
        1,
        3,
        28,
        null,
        28,
        null,
        null,
        null,
        1,
        1,
        3,
        null,
        null,
        null
      ],
      "/home/asaichuk/chart_proj/spec/models/sleep_spec.rb": [
        1,
        null,
        1,
        null,
        null
      ]
    },
    "timestamp": 1545218223
  }
}
